<?xml version="1.0" encoding="UTF-8"?>
<!-- Generated by org.testng.reporters.JUnitReportReporter -->
<testsuite name="com.mop.qa.test.regression.StraitsTimes_settings_phase1" tests="11" time="439.141" ignored="0" failures="0" timestamp="15 Sep 2022 08:03:04 GMT" skipped="0" hostname="LTIN184808" errors="0">
  <testcase name="ST_Ios_TC_7957_App_Installation_verify_ST_logo" time="35.711" classname="com.mop.qa.test.regression.StraitsTimes_settings_phase1"/>
  <testcase name="ST_Ios_TC_7955_Settings_Autom_DL_Epaper" time="21.653" classname="com.mop.qa.test.regression.StraitsTimes_settings_phase1"/>
  <testcase name="ST_Ios_TC_7974_Settings_FAQS_and_HELP" time="21.209" classname="com.mop.qa.test.regression.StraitsTimes_settings_phase1"/>
  <testcase name="ST_Ios_TC_7989_Settings_PrivacyPolicy" time="45.717" classname="com.mop.qa.test.regression.StraitsTimes_settings_phase1"/>
  <testcase name="ST_Ios_TC_8013_Settings_Terms_Condition" time="22.175" classname="com.mop.qa.test.regression.StraitsTimes_settings_phase1"/>
  <testcase name="ST_Ios_TC_8007_Settings_Version_Number" time="5.918" classname="com.mop.qa.test.regression.StraitsTimes_settings_phase1"/>
  <testcase name="ST_Ios_TC_7941_Settings_News_Letters" time="13.877" classname="com.mop.qa.test.regression.StraitsTimes_settings_phase1"/>
  <testcase name="ST_Ios_TC_7991_Settings_Advertising_Inquiry" time="19.790" classname="com.mop.qa.test.regression.StraitsTimes_settings_phase1"/>
  <testcase name="ST_Ios_TC_8008_Settings_Downloaded" time="61.858" classname="com.mop.qa.test.regression.StraitsTimes_settings_phase1"/>
  <testcase name="ST_Ios_TC_7958_Text_Size" time="72.939" classname="com.mop.qa.test.regression.StraitsTimes_settings_phase1"/>
  <testcase name="ST_Ios_TC_7945_Settings_LogOut_LogIn_Button_should_display" time="118.294" classname="com.mop.qa.test.regression.StraitsTimes_settings_phase1"/>
</testsuite> <!-- com.mop.qa.test.regression.StraitsTimes_settings_phase1 -->
