<?xml version="1.0" encoding="UTF-8"?>
<!-- Generated by org.testng.reporters.JUnitReportReporter -->
<testsuite name="com.mop.qa.test.regression.Articles_detail_page" tests="1" time="743.821" ignored="0" failures="0" timestamp="15 Sep 2022 08:03:04 GMT" skipped="0" hostname="LTIN184808" errors="0">
  <testcase name="Sprint12_TC_7950_Article_Details_page_Ads" time="743.821" classname="com.mop.qa.test.regression.Articles_detail_page"/>
</testsuite> <!-- com.mop.qa.test.regression.Articles_detail_page -->
