<?xml version="1.0" encoding="UTF-8"?>
<!-- Generated by org.testng.reporters.JUnitReportReporter -->
<testsuite name="com.mop.qa.test.regression.Article_Listing_Page" tests="3" time="634.203" ignored="0" failures="0" timestamp="15 Sep 2022 08:03:04 GMT" skipped="0" hostname="LTIN184808" errors="0">
  <testcase name="Sprint12_TC_8000_Article_listing_page_Via_Section_pages_Share" time="258.287" classname="com.mop.qa.test.regression.Article_Listing_Page"/>
  <testcase name="Sprint12_TC_7966_Article_listing_page_Via_Elastic_search_Share" time="197.148" classname="com.mop.qa.test.regression.Article_Listing_Page"/>
  <testcase name="Sprint12_TC_7965_article_Listing_Page_share_via_author_Share" time="178.768" classname="com.mop.qa.test.regression.Article_Listing_Page"/>
</testsuite> <!-- com.mop.qa.test.regression.Article_Listing_Page -->
