<?xml version="1.0" encoding="UTF-8"?>
<!-- Generated by org.testng.reporters.JUnitReportReporter -->
<testsuite name="com.mop.qa.test.regression.StraitTimes_homePage" tests="2" time="255.072" ignored="0" failures="0" timestamp="15 Sep 2022 08:03:04 GMT" skipped="0" hostname="LTIN184808" errors="0">
  <testcase name="Sprint11_TC_7978_TabUI" time="131.196" classname="com.mop.qa.test.regression.StraitTimes_homePage"/>
  <testcase name="Sprint11_TC_7924_Verify_user_can_navigate_to_article_page_from_homepage" time="123.876" classname="com.mop.qa.test.regression.StraitTimes_homePage"/>
</testsuite> <!-- com.mop.qa.test.regression.StraitTimes_homePage -->
