<?xml version="1.0" encoding="UTF-8"?>
<!-- Generated by org.testng.reporters.JUnitReportReporter -->
<testsuite name="com.mop.qa.test.regression.ST_Epaper" tests="2" time="757.808" ignored="0" failures="0" timestamp="15 Sep 2022 08:03:04 GMT" skipped="0" hostname="LTIN184808" errors="0">
  <testcase name="Sprint12_TC_7900_ePaper_Download_archived_eaper" time="280.728" classname="com.mop.qa.test.regression.ST_Epaper"/>
  <testcase name="Sprint12_TC_7913_ePaper_Read_archived_eaper" time="477.080" classname="com.mop.qa.test.regression.ST_Epaper"/>
</testsuite> <!-- com.mop.qa.test.regression.ST_Epaper -->
