<?xml version="1.0" encoding="UTF-8"?>
<!-- Generated by org.testng.reporters.JUnitReportReporter -->
<testsuite name="com.mop.qa.test.regression.ST_Regression_sprint12" tests="7" time="2237.755" ignored="0" failures="0" timestamp="15 Sep 2022 08:03:04 GMT" skipped="0" hostname="LTIN184808" errors="0">
  <testcase name="Sprint12_TC_7960_Homepage_UI_navigation_is_fine" time="364.256" classname="com.mop.qa.test.regression.ST_Regression_sprint12"/>
  <testcase name="Sprint12_TC_7998_emailCustomer" time="206.117" classname="com.mop.qa.test.regression.ST_Regression_sprint12"/>
  <testcase name="Sprint12_TC_7932_Homepage_MoreLink" time="410.073" classname="com.mop.qa.test.regression.ST_Regression_sprint12"/>
  <testcase name="Sprint12_TC_7464_7975_7944_ST" time="397.173" classname="com.mop.qa.test.regression.ST_Regression_sprint12"/>
  <testcase name="Sprint12_TC_7929_Opinion_Correspontants_articles" time="235.200" classname="com.mop.qa.test.regression.ST_Regression_sprint12"/>
  <testcase name="Sprint12_TC_7969_share_of_epaper_should_work" time="406.931" classname="com.mop.qa.test.regression.ST_Regression_sprint12"/>
  <testcase name="Sprint12_TC_7905_LatestTab_navigate_article_page" time="218.005" classname="com.mop.qa.test.regression.ST_Regression_sprint12"/>
</testsuite> <!-- com.mop.qa.test.regression.ST_Regression_sprint12 -->
