<?xml version="1.0" encoding="UTF-8"?>
<!-- Generated by org.testng.reporters.JUnitReportReporter -->
<testsuite name="com.mop.qa.test.sanity.StraitsTimes_Sanity_IOS" tests="2" time="230.726" ignored="0" failures="0" timestamp="19 Oct 2021 03:53:16 GMT" skipped="0" hostname="LTIN205760" errors="0">
  <testcase name="StraightTimes_TC6076_onboarding_process" time="48.254" classname="com.mop.qa.test.sanity.StraitsTimes_Sanity_IOS"/>
  <testcase name="TC_6098_Verify_the_texttospeech_button_will_enable_and_disable_from_the_article_detail_page" time="182.472" classname="com.mop.qa.test.sanity.StraitsTimes_Sanity_IOS"/>
</testsuite> <!-- com.mop.qa.test.sanity.StraitsTimes_Sanity_IOS -->
